0 info it worked if it ends with ok
1 verbose cli [ '/usr/local/bin/node',
1 verbose cli   '/usr/local/bin/npm',
1 verbose cli   'install',
1 verbose cli   '-g',
1 verbose cli   'express-generator' ]
2 info using npm@2.14.20
3 info using node@v4.4.0
4 verbose install initial load of /usr/local/lib/package.json
5 verbose readDependencies loading dependencies from /usr/local/lib/package.json
6 silly cache add args [ 'express-generator', null ]
7 verbose cache add spec express-generator
8 silly cache add parsed spec Result {
8 silly cache add   raw: 'express-generator',
8 silly cache add   scope: null,
8 silly cache add   name: 'express-generator',
8 silly cache add   rawSpec: '',
8 silly cache add   spec: 'latest',
8 silly cache add   type: 'tag' }
9 silly addNamed express-generator@latest
10 verbose addNamed "latest" is being treated as a dist-tag for express-generator
11 info addNameTag [ 'express-generator', 'latest' ]
12 silly mapToRegistry name express-generator
13 silly mapToRegistry using default registry
14 silly mapToRegistry registry https://registry.npmjs.org/
15 silly mapToRegistry uri https://registry.npmjs.org/express-generator
16 verbose addNameTag registry:https://registry.npmjs.org/express-generator not in flight; fetching
17 verbose request uri https://registry.npmjs.org/express-generator
18 verbose request no auth needed
19 info attempt registry request try #1 at 11:26:41 PM
20 verbose request id 42ead88b9c6a3317
21 verbose etag "5QKANFSFP75O3I3S4EGPB2MK6"
22 http request GET https://registry.npmjs.org/express-generator
23 http 200 https://registry.npmjs.org/express-generator
24 verbose headers { server: 'CouchDB/1.5.0 (Erlang OTP/R16B03)',
24 verbose headers   etag: '"5XLG7OBMVG0D6N5DH63G6R6SV"',
24 verbose headers   'content-type': 'application/json',
24 verbose headers   'content-encoding': 'gzip',
24 verbose headers   'cache-control': 'max-age=300',
24 verbose headers   'content-length': '4379',
24 verbose headers   'accept-ranges': 'bytes',
24 verbose headers   date: 'Fri, 03 Jun 2016 06:26:42 GMT',
24 verbose headers   via: '1.1 varnish',
24 verbose headers   age: '0',
24 verbose headers   connection: 'keep-alive',
24 verbose headers   'x-served-by': 'cache-sjc3132-SJC',
24 verbose headers   'x-cache': 'HIT',
24 verbose headers   'x-cache-hits': '1',
24 verbose headers   'x-timer': 'S1464935201.992907,VS0,VE34',
24 verbose headers   vary: 'Accept-Encoding' }
25 silly get cb [ 200,
25 silly get   { server: 'CouchDB/1.5.0 (Erlang OTP/R16B03)',
25 silly get     etag: '"5XLG7OBMVG0D6N5DH63G6R6SV"',
25 silly get     'content-type': 'application/json',
25 silly get     'content-encoding': 'gzip',
25 silly get     'cache-control': 'max-age=300',
25 silly get     'content-length': '4379',
25 silly get     'accept-ranges': 'bytes',
25 silly get     date: 'Fri, 03 Jun 2016 06:26:42 GMT',
25 silly get     via: '1.1 varnish',
25 silly get     age: '0',
25 silly get     connection: 'keep-alive',
25 silly get     'x-served-by': 'cache-sjc3132-SJC',
25 silly get     'x-cache': 'HIT',
25 silly get     'x-cache-hits': '1',
25 silly get     'x-timer': 'S1464935201.992907,VS0,VE34',
25 silly get     vary: 'Accept-Encoding' } ]
26 verbose get saving express-generator to /Users/agustinbalquin/.npm/registry.npmjs.org/express-generator/.cache.json
27 verbose correctMkdir /Users/agustinbalquin/.npm correctMkdir not in flight; initializing
28 silly addNameTag next cb for express-generator with tag latest
29 silly addNamed express-generator@4.13.1
30 verbose addNamed "4.13.1" is a plain semver version for express-generator
31 silly cache afterAdd express-generator@4.13.1
32 verbose afterAdd /Users/agustinbalquin/.npm/express-generator/4.13.1/package/package.json not in flight; writing
33 verbose correctMkdir /Users/agustinbalquin/.npm correctMkdir not in flight; initializing
34 verbose afterAdd /Users/agustinbalquin/.npm/express-generator/4.13.1/package/package.json written
35 silly install resolved [ { name: 'express-generator',
35 silly install resolved     description: 'Express\' application generator',
35 silly install resolved     version: '4.13.1',
35 silly install resolved     author: { name: 'TJ Holowaychuk', email: 'tj@vision-media.ca' },
35 silly install resolved     contributors: [ [Object], [Object], [Object], [Object], [Object], [Object] ],
35 silly install resolved     keywords:
35 silly install resolved      [ 'express',
35 silly install resolved        'framework',
35 silly install resolved        'sinatra',
35 silly install resolved        'web',
35 silly install resolved        'rest',
35 silly install resolved        'restful',
35 silly install resolved        'router',
35 silly install resolved        'app',
35 silly install resolved        'api' ],
35 silly install resolved     repository:
35 silly install resolved      { type: 'git',
35 silly install resolved        url: 'git+https://github.com/expressjs/generator.git' },
35 silly install resolved     license: 'MIT',
35 silly install resolved     dependencies: { commander: '2.7.1', mkdirp: '0.5.1', 'sorted-object': '1.0.0' },
35 silly install resolved     main: 'bin/express',
35 silly install resolved     preferGlobal: true,
35 silly install resolved     bin: { express: './bin/express' },
35 silly install resolved     devDependencies: { mocha: '2.2.5', rimraf: '~2.2.8', supertest: '1.0.1' },
35 silly install resolved     engines: { node: '>= 0.10' },
35 silly install resolved     files: [ 'LICENSE', 'bin/', 'templates/' ],
35 silly install resolved     scripts:
35 silly install resolved      { test: 'mocha --reporter spec --bail --check-leaks test/',
35 silly install resolved        'test-ci': 'mocha --reporter spec --check-leaks test/' },
35 silly install resolved     gitHead: '4936300029c48655cadca63d063560f67f28c79e',
35 silly install resolved     bugs: { url: 'https://github.com/expressjs/generator/issues' },
35 silly install resolved     homepage: 'https://github.com/expressjs/generator',
35 silly install resolved     _id: 'express-generator@4.13.1',
35 silly install resolved     _shasum: '58351b31f0c7da770c2872bf2a50b9e9359f9968',
35 silly install resolved     _from: 'express-generator@latest',
35 silly install resolved     _npmVersion: '1.4.28',
35 silly install resolved     _npmUser: { name: 'dougwilson', email: 'doug@somethingdoug.com' },
35 silly install resolved     maintainers: [ [Object], [Object], [Object], [Object], [Object], [Object] ],
35 silly install resolved     dist:
35 silly install resolved      { shasum: '58351b31f0c7da770c2872bf2a50b9e9359f9968',
35 silly install resolved        tarball: 'http://registry.npmjs.org/express-generator/-/express-generator-4.13.1.tgz' },
35 silly install resolved     directories: {},
35 silly install resolved     _resolved: 'https://registry.npmjs.org/express-generator/-/express-generator-4.13.1.tgz',
35 silly install resolved     readme: 'ERROR: No README data found!' } ]
36 info install express-generator@4.13.1 into /usr/local/lib
37 info installOne express-generator@4.13.1
38 verbose installOne of express-generator to /usr/local/lib not in flight; installing
39 verbose correctMkdir /Users/agustinbalquin/.npm/_locks correctMkdir not in flight; initializing
40 verbose lock using /Users/agustinbalquin/.npm/_locks/express-generator-d3cc1706f4adef09.lock for /usr/local/lib/node_modules/express-generator
41 silly install write writing express-generator 4.13.1 to /usr/local/lib/node_modules/express-generator
42 verbose unbuild lib/node_modules/express-generator
43 info preuninstall express-generator@4.13.1
44 info uninstall express-generator@4.13.1
45 verbose unbuild rmStuff express-generator@4.13.1 from /usr/local/lib/node_modules
46 silly gentlyRm /usr/local/bin/express is being gently removed
47 silly gentlyRm verifying /usr/local is an npm working directory
48 silly gentlyRm containing path /usr/local is under npm's control, in /usr/local
49 silly gentlyRm deletion target /usr/local/bin/express is under /usr/local
50 verbose gentlyRm vacuuming from /usr/local/bin/express up to /usr/local
51 silly vacuum-fs removing /usr/local/bin/express
52 silly vacuum-fs quitting because other entries in /usr/local/bin
53 info postuninstall express-generator@4.13.1
54 silly gentlyRm /usr/local/lib/node_modules/express-generator is being purged from base /usr/local
55 verbose gentlyRm don't care about contents; nuking /usr/local/lib/node_modules/express-generator
56 silly vacuum-fs purging /usr/local/lib/node_modules/express-generator
57 verbose unlock done using /Users/agustinbalquin/.npm/_locks/express-generator-d3cc1706f4adef09.lock for /usr/local/lib/node_modules/express-generator
58 verbose stack Error: EACCES: permission denied, rmdir '/usr/local/lib/node_modules/express-generator'
58 verbose stack     at Error (native)
59 verbose cwd /Users/agustinbalquin/RPS/RockPayperScissors
60 error Darwin 15.0.0
61 error argv "/usr/local/bin/node" "/usr/local/bin/npm" "install" "-g" "express-generator"
62 error node v4.4.0
63 error npm  v2.14.20
64 error path /usr/local/lib/node_modules/express-generator
65 error code EACCES
66 error errno -13
67 error syscall rmdir
68 error Error: EACCES: permission denied, rmdir '/usr/local/lib/node_modules/express-generator'
68 error     at Error (native)
68 error  { [Error: EACCES: permission denied, rmdir '/usr/local/lib/node_modules/express-generator']
68 error   errno: -13,
68 error   code: 'EACCES',
68 error   syscall: 'rmdir',
68 error   path: '/usr/local/lib/node_modules/express-generator' }
69 error Please try running this command again as root/Administrator.
70 verbose exit [ -13, true ]
71 verbose unbuild lib/node_modules/express-generator
72 info preuninstall express-generator@4.13.1
73 info uninstall express-generator@4.13.1
74 verbose unbuild rmStuff express-generator@4.13.1 from /usr/local/lib/node_modules
75 silly gentlyRm /usr/local/bin/express is being gently removed
76 silly gentlyRm verifying /usr/local is an npm working directory
77 silly gentlyRm containing path /usr/local is under npm's control, in /usr/local
78 silly gentlyRm deletion target /usr/local/bin/express is under /usr/local
79 verbose gentlyRm vacuuming from /usr/local/bin/express up to /usr/local
80 info postuninstall express-generator@4.13.1
81 silly gentlyRm /usr/local/lib/node_modules/express-generator is being purged from base /usr/local
82 verbose gentlyRm don't care about contents; nuking /usr/local/lib/node_modules/express-generator
83 silly vacuum-fs purging /usr/local/lib/node_modules/express-generator
84 error error rolling back Error: EACCES: permission denied, rmdir '/usr/local/lib/node_modules/express-generator'
84 error error rolling back     at Error (native)
84 error error rolling back  { [Error: EACCES: permission denied, rmdir '/usr/local/lib/node_modules/express-generator']
84 error error rolling back   errno: -13,
84 error error rolling back   code: 'EACCES',
84 error error rolling back   syscall: 'rmdir',
84 error error rolling back   path: '/usr/local/lib/node_modules/express-generator' }
